Построение начато 12.07.2013 17:57:23.
     1>Проект "C:\Users\Makosov_A\Documents\Visual Studio 2010\Projects\my_library\avto_KORP_in_PROF\get 1680_1050\get 1680_1050\get 1680_1050.vcxproj" в узле 2 (целевые объекты build).
     1>InitializeBuildStatus:
         Создание "Debug\get 1680_1050.unsuccessfulbuild", так как было задано "AlwaysCreate".
       ClCompile:
         C:\Program Files (x86)\Microsoft Visual Studio 10.0\VC\bin\CL.exe /c /ZI /nologo /W3 /WX- /Od /Oy- /D _MBCS /Gm /EHsc /RTC1 /MDd /GS /fp:precise /Zc:wchar_t /Zc:forScope /Fo"Debug\\" /Fd"Debug\vc100.pdb" /Gd /TP /analyze- /errorReport:prompt main.cpp
         main.cpp
       ResourceCompile:
         c:\Program Files (x86)\Microsoft SDKs\Windows\v7.0A\bin\rc.exe /l"0x0409" /nologo /fo"Debug\get 1680_1050.res" "get 1680_1050.rc" 
       Link:
         C:\Program Files (x86)\Microsoft Visual Studio 10.0\VC\bin\link.exe /ERRORREPORT:PROMPT /OUT:"C:\Users\Makosov_A\Documents\Visual Studio 2010\Projects\my_library\avto_KORP_in_PROF\get 1680_1050\Debug\get 1680_1050.exe" /NOLOGO kernel32.lib user32.lib gdi32.lib winspool.lib comdlg32.lib advapi32.lib shell32.lib ole32.lib oleaut32.lib uuid.lib odbc32.lib odbccp32.lib /MANIFEST /ManifestFile:"Debug\get 1680_1050.exe.intermediate.manifest" /MANIFESTUAC:"level='asInvoker' uiAccess='false'" /DEBUG /PDB:"C:\Users\Makosov_A\Documents\Visual Studio 2010\Projects\my_library\avto_KORP_in_PROF\get 1680_1050\Debug\get 1680_1050.pdb" /TLBID:1 /DYNAMICBASE /NXCOMPAT /IMPLIB:"C:\Users\Makosov_A\Documents\Visual Studio 2010\Projects\my_library\avto_KORP_in_PROF\get 1680_1050\Debug\get 1680_1050.lib" /MACHINE:X86 "Debug\get 1680_1050.res"
         Debug\main.obj
         LINK : не найден или не выполнена сборка C:\Users\Makosov_A\Documents\Visual Studio 2010\Projects\my_library\avto_KORP_in_PROF\get 1680_1050\Debug\get 1680_1050.exe при последней инкрементной компоновке; выполняется полная компоновка
         get 1680_1050.vcxproj -> C:\Users\Makosov_A\Documents\Visual Studio 2010\Projects\my_library\avto_KORP_in_PROF\get 1680_1050\Debug\get 1680_1050.exe
       Manifest:
         c:\Program Files (x86)\Microsoft SDKs\Windows\v7.0A\bin\mt.exe /nologo /verbose /outputresource:"C:\Users\Makosov_A\Documents\Visual Studio 2010\Projects\my_library\avto_KORP_in_PROF\get 1680_1050\Debug\get 1680_1050.exe;#1" /manifest "Debug\get 1680_1050.exe.intermediate.manifest"
       FinalizeBuildStatus:
         Файл "Debug\get 1680_1050.unsuccessfulbuild" удаляется.
         Обращение к "Debug\get 1680_1050.lastbuildstate".
     1>Построение проекта "C:\Users\Makosov_A\Documents\Visual Studio 2010\Projects\my_library\avto_KORP_in_PROF\get 1680_1050\get 1680_1050\get 1680_1050.vcxproj" завершено (целевые объекты build).

Построение успешно завершено.

Затраченное время: 00:00:01.20
