Построение начато 25.03.2013 14:45:38.
     1>Проект "c:\Users\makosov_a\documents\visual studio 2010\Projects\struct\struct\struct.vcxproj" в узле 2 (целевые объекты build).
     1>PrepareForBuild:
         Создание каталога "c:\users\makosov_a\documents\visual studio 2010\Projects\struct\Debug\".
       InitializeBuildStatus:
         Создание "Debug\struct.unsuccessfulbuild", так как было задано "AlwaysCreate".
       ClCompile:
         c:\Program Files (x86)\Microsoft Visual Studio 10.0\VC\bin\CL.exe /c /ZI /nologo /W3 /WX- /Od /Oy- /D _MBCS /Gm /EHsc /RTC1 /MDd /GS /fp:precise /Zc:wchar_t /Zc:forScope /Fo"Debug\\" /Fd"Debug\vc100.pdb" /Gd /TP /analyze- /errorReport:prompt main.cpp
         main.cpp
       Link:
         c:\Program Files (x86)\Microsoft Visual Studio 10.0\VC\bin\link.exe /ERRORREPORT:PROMPT /OUT:"c:\users\makosov_a\documents\visual studio 2010\Projects\struct\Debug\struct.exe" /NOLOGO kernel32.lib user32.lib gdi32.lib winspool.lib comdlg32.lib advapi32.lib shell32.lib ole32.lib oleaut32.lib uuid.lib odbc32.lib odbccp32.lib /MANIFEST /ManifestFile:"Debug\struct.exe.intermediate.manifest" /MANIFESTUAC:"level='asInvoker' uiAccess='false'" /DEBUG /PDB:"c:\users\makosov_a\documents\visual studio 2010\Projects\struct\Debug\struct.pdb" /TLBID:1 /DYNAMICBASE /NXCOMPAT /IMPLIB:"c:\users\makosov_a\documents\visual studio 2010\Projects\struct\Debug\struct.lib" /MACHINE:X86 Debug\main.obj
         struct.vcxproj -> c:\users\makosov_a\documents\visual studio 2010\Projects\struct\Debug\struct.exe
       Manifest:
         C:\Program Files (x86)\Microsoft SDKs\Windows\v7.0A\bin\mt.exe /nologo /verbose /outputresource:"c:\users\makosov_a\documents\visual studio 2010\Projects\struct\Debug\struct.exe;#1" /manifest Debug\struct.exe.intermediate.manifest
       FinalizeBuildStatus:
         Файл "Debug\struct.unsuccessfulbuild" удаляется.
         Обращение к "Debug\struct.lastbuildstate".
     1>Построение проекта "c:\Users\makosov_a\documents\visual studio 2010\Projects\struct\struct\struct.vcxproj" завершено (целевые объекты build).

Построение успешно завершено.

Затраченное время: 00:00:02.31
