Построение начато 12.07.2013 17:53:34.
     1>Проект "C:\Users\Makosov_A\Documents\Visual Studio 2010\Projects\my_library\avto_KORP_in_PROF\get 1024_768\get 1024_768\get 1024_768.vcxproj" в узле 2 (целевые объекты build).
     1>InitializeBuildStatus:
         Создание "Debug\get 1024_768.unsuccessfulbuild", так как было задано "AlwaysCreate".
       ClCompile:
         Для всех выходных данных обновления не требуется.
       ResourceCompile:
         c:\Program Files (x86)\Microsoft SDKs\Windows\v7.0A\bin\rc.exe /l"0x0409" /nologo /fo"Debug\get 1024_7683.res" "get 1024_7683.rc" 
       Link:
         C:\Program Files (x86)\Microsoft Visual Studio 10.0\VC\bin\link.exe /ERRORREPORT:PROMPT /OUT:"C:\Users\Makosov_A\Documents\Visual Studio 2010\Projects\my_library\avto_KORP_in_PROF\get 1024_768\Debug\get 1024_768.exe" /NOLOGO kernel32.lib user32.lib gdi32.lib winspool.lib comdlg32.lib advapi32.lib shell32.lib ole32.lib oleaut32.lib uuid.lib odbc32.lib odbccp32.lib /MANIFEST /ManifestFile:"Debug\get 1024_768.exe.intermediate.manifest" /MANIFESTUAC:"level='asInvoker' uiAccess='false'" /DEBUG /PDB:"C:\Users\Makosov_A\Documents\Visual Studio 2010\Projects\my_library\avto_KORP_in_PROF\get 1024_768\Debug\get 1024_768.pdb" /TLBID:1 /DYNAMICBASE /NXCOMPAT /IMPLIB:"C:\Users\Makosov_A\Documents\Visual Studio 2010\Projects\my_library\avto_KORP_in_PROF\get 1024_768\Debug\get 1024_768.lib" /MACHINE:X86 "Debug\get 1024_7683.res"
         Debug\main.obj
         LINK : не найден или не выполнена сборка C:\Users\Makosov_A\Documents\Visual Studio 2010\Projects\my_library\avto_KORP_in_PROF\get 1024_768\Debug\get 1024_768.exe при последней инкрементной компоновке; выполняется полная компоновка
         get 1024_768.vcxproj -> C:\Users\Makosov_A\Documents\Visual Studio 2010\Projects\my_library\avto_KORP_in_PROF\get 1024_768\Debug\get 1024_768.exe
       Manifest:
         c:\Program Files (x86)\Microsoft SDKs\Windows\v7.0A\bin\mt.exe /nologo /verbose /outputresource:"C:\Users\Makosov_A\Documents\Visual Studio 2010\Projects\my_library\avto_KORP_in_PROF\get 1024_768\Debug\get 1024_768.exe;#1" /manifest "Debug\get 1024_768.exe.intermediate.manifest"
       FinalizeBuildStatus:
         Файл "Debug\get 1024_768.unsuccessfulbuild" удаляется.
         Обращение к "Debug\get 1024_768.lastbuildstate".
     1>Построение проекта "C:\Users\Makosov_A\Documents\Visual Studio 2010\Projects\my_library\avto_KORP_in_PROF\get 1024_768\get 1024_768\get 1024_768.vcxproj" завершено (целевые объекты build).

Построение успешно завершено.

Затраченное время: 00:00:00.60
