.\Debug\ReadExcel.ilk
.\Debug\ReadExcel.pdb
C:\Users\Makosov_A\Documents\Visual Studio 2010\Projects\ExcelODBC_read\ReadExcel\.\Debug\ReadExcel.exe
C:\Users\Makosov_A\Documents\Visual Studio 2010\Projects\ExcelODBC_read\ReadExcel\.\Debug\ReadExcel.exe.intermediate.manifest
C:\Users\Makosov_A\Documents\Visual Studio 2010\Projects\ExcelODBC_read\ReadExcel\Debug\cl.command.1.tlog
C:\Users\Makosov_A\Documents\Visual Studio 2010\Projects\ExcelODBC_read\ReadExcel\Debug\CL.read.1.tlog
C:\Users\Makosov_A\Documents\Visual Studio 2010\Projects\ExcelODBC_read\ReadExcel\Debug\CL.write.1.tlog
C:\Users\Makosov_A\Documents\Visual Studio 2010\Projects\ExcelODBC_read\ReadExcel\Debug\link.command.1.tlog
C:\Users\Makosov_A\Documents\Visual Studio 2010\Projects\ExcelODBC_read\ReadExcel\Debug\link.read.1.tlog
C:\Users\Makosov_A\Documents\Visual Studio 2010\Projects\ExcelODBC_read\ReadExcel\Debug\link.write.1.tlog
C:\Users\Makosov_A\Documents\Visual Studio 2010\Projects\ExcelODBC_read\ReadExcel\Debug\link-cvtres.read.1.tlog
C:\Users\Makosov_A\Documents\Visual Studio 2010\Projects\ExcelODBC_read\ReadExcel\Debug\link-cvtres.write.1.tlog
C:\Users\Makosov_A\Documents\Visual Studio 2010\Projects\ExcelODBC_read\ReadExcel\Debug\mt.command.1.tlog
C:\Users\Makosov_A\Documents\Visual Studio 2010\Projects\ExcelODBC_read\ReadExcel\Debug\mt.read.1.tlog
C:\Users\Makosov_A\Documents\Visual Studio 2010\Projects\ExcelODBC_read\ReadExcel\Debug\mt.write.1.tlog
C:\Users\Makosov_A\Documents\Visual Studio 2010\Projects\ExcelODBC_read\ReadExcel\Debug\rc.command.1.tlog
C:\Users\Makosov_A\Documents\Visual Studio 2010\Projects\ExcelODBC_read\ReadExcel\Debug\rc.read.1.tlog
C:\Users\Makosov_A\Documents\Visual Studio 2010\Projects\ExcelODBC_read\ReadExcel\Debug\rc.write.1.tlog
C:\USERS\MAKOSOV_A\DOCUMENTS\VISUAL STUDIO 2010\PROJECTS\EXCELODBC_READ\READEXCEL\DEBUG\READEXCEL.EXE
C:\USERS\MAKOSOV_A\DOCUMENTS\VISUAL STUDIO 2010\PROJECTS\EXCELODBC_READ\READEXCEL\DEBUG\READEXCEL.EXE.EMBED.MANIFEST
C:\USERS\MAKOSOV_A\DOCUMENTS\VISUAL STUDIO 2010\PROJECTS\EXCELODBC_READ\READEXCEL\DEBUG\READEXCEL.EXE.EMBED.MANIFEST.RES
C:\USERS\MAKOSOV_A\DOCUMENTS\VISUAL STUDIO 2010\PROJECTS\EXCELODBC_READ\READEXCEL\DEBUG\READEXCEL.EXE.INTERMEDIATE.MANIFEST
C:\USERS\MAKOSOV_A\DOCUMENTS\VISUAL STUDIO 2010\PROJECTS\EXCELODBC_READ\READEXCEL\DEBUG\READEXCEL.ILK
C:\USERS\MAKOSOV_A\DOCUMENTS\VISUAL STUDIO 2010\PROJECTS\EXCELODBC_READ\READEXCEL\DEBUG\READEXCEL.OBJ
C:\USERS\MAKOSOV_A\DOCUMENTS\VISUAL STUDIO 2010\PROJECTS\EXCELODBC_READ\READEXCEL\DEBUG\READEXCEL.PCH
C:\USERS\MAKOSOV_A\DOCUMENTS\VISUAL STUDIO 2010\PROJECTS\EXCELODBC_READ\READEXCEL\DEBUG\READEXCEL.PDB
C:\USERS\MAKOSOV_A\DOCUMENTS\VISUAL STUDIO 2010\PROJECTS\EXCELODBC_READ\READEXCEL\DEBUG\READEXCEL.RES
C:\Users\Makosov_A\Documents\Visual Studio 2010\Projects\ExcelODBC_read\ReadExcel\Debug\ReadExcel.write.1.tlog
C:\Users\Makosov_A\Documents\Visual Studio 2010\Projects\ExcelODBC_read\ReadExcel\Debug\ReadExcel_manifest.rc
C:\USERS\MAKOSOV_A\DOCUMENTS\VISUAL STUDIO 2010\PROJECTS\EXCELODBC_READ\READEXCEL\DEBUG\READEXCELDLG.OBJ
C:\USERS\MAKOSOV_A\DOCUMENTS\VISUAL STUDIO 2010\PROJECTS\EXCELODBC_READ\READEXCEL\DEBUG\STDAFX.OBJ
C:\Users\Makosov_A\Documents\Visual Studio 2010\Projects\ExcelODBC_read\ReadExcel\Debug\vc100.idb
C:\USERS\MAKOSOV_A\DOCUMENTS\VISUAL STUDIO 2010\PROJECTS\EXCELODBC_READ\READEXCEL\DEBUG\VC100.PDB
