Построение начато 25.11.2013 17:29:02.
     1>Проект "c:\Users\makosov_a\documents\visual studio 2010\Projects\aaa\aaa\aaa.vcxproj" в узле 2 (целевые объекты build).
     1>InitializeBuildStatus:
         Создание "Debug\aaa.unsuccessfulbuild", так как было задано "AlwaysCreate".
       ClCompile:
         Для всех выходных данных обновления не требуется.
         C:\Program Files (x86)\Microsoft Visual Studio 10.0\VC\bin\CL.exe /c /ZI /nologo /W3 /WX- /Od /Oy- /D WIN32 /D _WINDOWS /D _DEBUG /D _UNICODE /D UNICODE /D _AFXDLL /Gm /EHsc /RTC1 /MDd /GS /fp:precise /Zc:wchar_t /Zc:forScope /Yu"StdAfx.h" /Fp"Debug\aaa.pch" /Fo"Debug\\" /Fd"Debug\vc100.pdb" /Gd /TP /analyze- /errorReport:prompt aaaView.cpp
         aaaView.cpp
       ResourceCompile:
         Для всех выходных данных обновления не требуется.
       ManifestResourceCompile:
         Для всех выходных данных обновления не требуется.
       Link:
         C:\Program Files (x86)\Microsoft Visual Studio 10.0\VC\bin\link.exe /ERRORREPORT:PROMPT /OUT:"c:\users\makosov_a\documents\visual studio 2010\Projects\aaa\Debug\aaa.exe" /INCREMENTAL /NOLOGO /MANIFEST /ManifestFile:"Debug\aaa.exe.intermediate.manifest" /MANIFESTUAC:"level='asInvoker' uiAccess='false'" /DEBUG /PDB:"c:\users\makosov_a\documents\visual studio 2010\Projects\aaa\Debug\aaa.pdb" /SUBSYSTEM:WINDOWS /TLBID:1 /ENTRY:"wWinMainCRTStartup" /DYNAMICBASE /NXCOMPAT /IMPLIB:"c:\users\makosov_a\documents\visual studio 2010\Projects\aaa\Debug\aaa.lib" /MACHINE:X86 Debug\aaa.res
         Debug\aaa.exe.embed.manifest.res
         Debug\aaa.obj
         Debug\aaaDoc.obj
         Debug\aaaView.obj
         Debug\ChildFrm.obj
         Debug\MainFrm.obj
         Debug\stdafx.obj
       Manifest:
         c:\Program Files (x86)\Microsoft SDKs\Windows\v7.0A\bin\mt.exe /nologo /verbose /out:"Debug\aaa.exe.embed.manifest" /manifest Debug\aaa.exe.intermediate.manifest "C:\Program Files (x86)\Microsoft Visual Studio 10.0\VC\Include\Manifest\dpiaware.manifest"
         Для всех выходных данных обновления не требуется.
       LinkEmbedManifest:
         Для всех выходных данных обновления не требуется.
         aaa.vcxproj -> c:\users\makosov_a\documents\visual studio 2010\Projects\aaa\Debug\aaa.exe
       FinalizeBuildStatus:
         Файл "Debug\aaa.unsuccessfulbuild" удаляется.
         Обращение к "Debug\aaa.lastbuildstate".
     1>Построение проекта "c:\Users\makosov_a\documents\visual studio 2010\Projects\aaa\aaa\aaa.vcxproj" завершено (целевые объекты build).

Построение успешно завершено.

Затраченное время: 00:00:00.69
